#
# There is insufficient memory for the Java Runtime Environment to continue.
# Native memory allocation (mmap) failed to map 60817408 bytes for G1 virtual space
# Possible reasons:
#   The system is out of physical RAM or swap space
#   The process is running with CompressedOops enabled, and the Java Heap may be blocking the growth of the native heap
# Possible solutions:
#   Reduce memory load on the system
#   Increase physical memory or swap space
#   Check if swap backing store is full
#   Decrease Java heap size (-Xmx/-Xms)
#   Decrease number of Java threads
#   Decrease Java thread stack sizes (-Xss)
#   Set larger code cache with -XX:ReservedCodeCacheSize=
#   JVM is running with Unscaled Compressed Oops mode in which the Java heap is
#     placed in the first 4GB address space. The Java Heap base address is the
#     maximum limit for the native heap growth. Please use -XX:HeapBaseMinAddress
#     to set the Java Heap base and to place the Java Heap above 4GB virtual address.
# This output file may be truncated or incomplete.
#
#  Out of Memory Error (os_windows.cpp:3532), pid=3908, tid=1512
#
# JRE version:  (17.0.2+8) (build )
# Java VM: Java HotSpot(TM) 64-Bit Server VM (17.0.2+8-LTS-86, mixed mode, sharing, tiered, compressed oops, compressed class ptrs, g1 gc, windows-amd64)
# No core dump will be written. Minidumps are not enabled by default on client versions of Windows
#

---------------  S U M M A R Y ------------

Command Line: -ea -Dfile.encoding=Cp1252 -XX:+ShowCodeDetailsInExceptionMessages org.eclipse.jdt.internal.junit.runner.RemoteTestRunner -version 3 -port 63064 -testLoaderClass org.eclipse.jdt.internal.junit5.runner.JUnit5TestLoader -loaderpluginname org.eclipse.jdt.junit5.runtime -classNames Desktop.AppTest

Host: Intel(R) Core(TM) i5-7200U CPU @ 2.50GHz, 4 cores, 3G,  Windows 10 , 64 bit Build 19041 (10.0.19041.1503)
Time: Fri Mar 11 15:50:08 2022 West Bank Gaza Standard Time elapsed time: 0.198153 seconds (0d 0h 0m 0s)

---------------  T H R E A D  ---------------

Current thread (0x000001a36a5d1200):  JavaThread "Unknown thread" [_thread_in_vm, id=1512, stack(0x00000036c4100000,0x00000036c4200000)]

Stack: [0x00000036c4100000,0x00000036c4200000]
Native frames: (J=compiled Java code, j=interpreted, Vv=VM code, C=native code)
V  [jvm.dll+0x670baa]
V  [jvm.dll+0x7cfcb4]
V  [jvm.dll+0x7d145e]
V  [jvm.dll+0x7d1ac3]
V  [jvm.dll+0x242bc5]
V  [jvm.dll+0x66dac9]
V  [jvm.dll+0x662412]
V  [jvm.dll+0x300c0b]
V  [jvm.dll+0x3081a6]
V  [jvm.dll+0x357d0e]
V  [jvm.dll+0x357f3f]
V  [jvm.dll+0x2d7ec8]
V  [jvm.dll+0x2d8e34]
V  [jvm.dll+0x7a18c1]
V  [jvm.dll+0x365a91]
V  [jvm.dll+0x780d2c]
V  [jvm.dll+0x3e845f]
V  [jvm.dll+0x3e9f01]
C  [jli.dll+0x527b]
C  [ucrtbase.dll+0x21bb2]
C  [KERNEL32.DLL+0x17034]
C  [ntdll.dll+0x52651]


---------------  P R O C E S S  ---------------

Threads class SMR info:
_java_thread_list=0x00007ffc22069858, length=0, elements={
}

Java Threads: ( => current thread )

Other Threads:
  0x000001a36a5fd3b0 GCTaskThread "GC Thread#0" [stack: 0x00000036c4200000,0x00000036c4300000] [id=7608]
  0x000001a36a606170 ConcurrentGCThread "G1 Main Marker" [stack: 0x00000036c4300000,0x00000036c4400000] [id=5132]
  0x000001a36a6080e0 ConcurrentGCThread "G1 Conc#0" [stack: 0x00000036c4400000,0x00000036c4500000] [id=7580]

[error occurred during error reporting (printing all threads), id 0xc0000005, EXCEPTION_ACCESS_VIOLATION (0xc0000005) at pc=0x00007ffc218b88a7]

VM state: not at safepoint (not fully initialized)

VM Mutex/Monitor currently owned by a thread:  ([mutex/lock_event])
[0x000001a36a5cde00] Heap_lock - owner thread: 0x000001a36a5d1200

Heap address: 0x00000000c7a00000, size: 902 MB, Compressed Oops mode: 32-bit

CDS archive(s) mapped at: [0x0000000000000000-0x0000000000000000-0x0000000000000000), size 0, SharedBaseAddress: 0x0000000800000000, ArchiveRelocationMode: 0.
Narrow klass base: 0x0000000000000000, Narrow klass shift: 0, Narrow klass range: 0x0

GC Precious Log:
<Empty>

Heap:
 garbage-first heap   total 0K, used 0K [0x00000000c7a00000, 0x0000000100000000)
  region size 1024K, 0 young (0K), 0 survivors (0K)

[error occurred during error reporting (printing heap information), id 0xc0000005, EXCEPTION_ACCESS_VIOLATION (0xc0000005) at pc=0x00007ffc21c99f19]

GC Heap History (0 events):
No events

Deoptimization events (0 events):
No events

Classes unloaded (0 events):
No events

Classes redefined (0 events):
No events

Internal exceptions (0 events):
No events

VM Operations (0 events):
No events

Events (1 events):
Event: 0.011 Loaded shared library C:\Program Files\Java\jdk-17.0.2\bin\java.dll


Dynamic libraries:
0x00007ff62ac40000 - 0x00007ff62ac50000 	C:\Program Files\Java\jdk-17.0.2\bin\javaw.exe
0x00007ffc6dd30000 - 0x00007ffc6df25000 	C:\Windows\SYSTEM32\ntdll.dll
0x00007ffc6c370000 - 0x00007ffc6c42e000 	C:\Windows\System32\KERNEL32.DLL
0x00007ffc6b540000 - 0x00007ffc6b808000 	C:\Windows\System32\KERNELBASE.dll
0x00007ffc6b8c0000 - 0x00007ffc6b9c0000 	C:\Windows\System32\ucrtbase.dll
0x00007ffc66090000 - 0x00007ffc660aa000 	C:\Program Files\Java\jdk-17.0.2\bin\VCRUNTIME140.dll
0x00007ffc532e0000 - 0x00007ffc532f8000 	C:\Program Files\Java\jdk-17.0.2\bin\jli.dll
0x00007ffc6be30000 - 0x00007ffc6bede000 	C:\Windows\System32\ADVAPI32.dll
0x00007ffc6d040000 - 0x00007ffc6d0de000 	C:\Windows\System32\msvcrt.dll
0x00007ffc6cab0000 - 0x00007ffc6cb4c000 	C:\Windows\System32\sechost.dll
0x00007ffc6c980000 - 0x00007ffc6caa5000 	C:\Windows\System32\RPCRT4.dll
0x00007ffc6cbe0000 - 0x00007ffc6cd80000 	C:\Windows\System32\USER32.dll
0x00007ffc6b470000 - 0x00007ffc6b492000 	C:\Windows\System32\win32u.dll
0x00007ffc6da50000 - 0x00007ffc6da7b000 	C:\Windows\System32\GDI32.dll
0x00007ffc54930000 - 0x00007ffc54bca000 	C:\Windows\WinSxS\amd64_microsoft.windows.common-controls_6595b64144ccf1df_6.0.19041.1110_none_60b5254171f9507e\COMCTL32.dll
0x00007ffc6bb20000 - 0x00007ffc6bc2d000 	C:\Windows\System32\gdi32full.dll
0x00007ffc6b4a0000 - 0x00007ffc6b53d000 	C:\Windows\System32\msvcp_win.dll
0x00007ffc63390000 - 0x00007ffc6339a000 	C:\Windows\SYSTEM32\VERSION.dll
0x00007ffc6cb50000 - 0x00007ffc6cb80000 	C:\Windows\System32\IMM32.DLL
0x00007ffc67330000 - 0x00007ffc6733c000 	C:\Program Files\Java\jdk-17.0.2\bin\vcruntime140_1.dll
0x00007ffc4d190000 - 0x00007ffc4d21d000 	C:\Program Files\Java\jdk-17.0.2\bin\msvcp140.dll
0x00007ffc215d0000 - 0x00007ffc22191000 	C:\Program Files\Java\jdk-17.0.2\bin\server\jvm.dll
0x00007ffc6da80000 - 0x00007ffc6da88000 	C:\Windows\System32\PSAPI.DLL
0x00007ffc66ec0000 - 0x00007ffc66ec9000 	C:\Windows\SYSTEM32\WSOCK32.dll
0x00007ffc6d0e0000 - 0x00007ffc6d14b000 	C:\Windows\System32\WS2_32.dll
0x00007ffc661e0000 - 0x00007ffc66207000 	C:\Windows\SYSTEM32\WINMM.dll
0x00007ffc69330000 - 0x00007ffc69342000 	C:\Windows\SYSTEM32\kernel.appcore.dll
0x00007ffc66f40000 - 0x00007ffc66f4a000 	C:\Program Files\Java\jdk-17.0.2\bin\jimage.dll
0x00007ffc537b0000 - 0x00007ffc53994000 	C:\Windows\SYSTEM32\DBGHELP.DLL
0x00007ffc536f0000 - 0x00007ffc5371c000 	C:\Windows\SYSTEM32\dbgcore.DLL
0x00007ffc6bc30000 - 0x00007ffc6bcb2000 	C:\Windows\System32\bcryptPrimitives.dll
0x00007ffc66f10000 - 0x00007ffc66f35000 	C:\Program Files\Java\jdk-17.0.2\bin\java.dll

dbghelp: loaded successfully - version: 4.0.5 - missing functions: none
symbol engine: initialized successfully - sym options: 0x614 - pdb path: .;C:\Program Files\Java\jdk-17.0.2\bin;C:\Windows\SYSTEM32;C:\Windows\WinSxS\amd64_microsoft.windows.common-controls_6595b64144ccf1df_6.0.19041.1110_none_60b5254171f9507e;C:\Program Files\Java\jdk-17.0.2\bin\server

VM Arguments:
jvm_args: -ea -Dfile.encoding=Cp1252 -XX:+ShowCodeDetailsInExceptionMessages 
java_command: org.eclipse.jdt.internal.junit.runner.RemoteTestRunner -version 3 -port 63064 -testLoaderClass org.eclipse.jdt.internal.junit5.runner.JUnit5TestLoader -loaderpluginname org.eclipse.jdt.junit5.runtime -classNames Desktop.AppTest
java_class_path (initial): C:\Users\lenovo\Desktop\app\bin;C:\Users\lenovo\.p2\pool\plugins\org.junit.jupiter.api_5.8.1.v20211018-1956.jar;C:\Users\lenovo\.p2\pool\plugins\org.junit.jupiter.engine_5.8.1.v20211018-1956.jar;C:\Users\lenovo\.p2\pool\plugins\org.junit.jupiter.migrationsupport_5.8.1.v20211018-1956.jar;C:\Users\lenovo\.p2\pool\plugins\org.junit.jupiter.params_5.8.1.v20211018-1956.jar;C:\Users\lenovo\.p2\pool\plugins\org.junit.platform.commons_1.8.1.v20211018-1956.jar;C:\Users\lenovo\.p2\pool\plugins\org.junit.platform.engine_1.8.1.v20211018-1956.jar;C:\Users\lenovo\.p2\pool\plugins\org.junit.platform.launcher_1.8.1.v20211018-1956.jar;C:\Users\lenovo\.p2\pool\plugins\org.junit.platform.runner_1.8.1.v20211018-1956.jar;C:\Users\lenovo\.p2\pool\plugins\org.junit.platform.suite.api_1.8.1.v20211018-1956.jar;C:\Users\lenovo\.p2\pool\plugins\org.junit.platform.suite.engine_1.8.1.v20211028-1957.jar;C:\Users\lenovo\.p2\pool\plugins\org.junit.platform.suite.commons_1.8.1.v20211018-1956.jar;C:\Users\lenovo\.p2\pool\plugins\org.junit.vintage.engine_5.8.1.v20211018-1956.jar;C:\Users\lenovo\.p2\pool\plugins\org.opentest4j_1.2.0.v20211018-1956.jar;C:\Users\lenovo\.p2\pool\plugins\org.apiguardian_1.1.2.v20211018-1956.jar;C:\Users\lenovo\.p2\pool\plugins\org.junit_4.13.2.v20211018-1956.jar;C:\Users\lenovo\.p2\pool\plugins\org.hamcrest.core_1.3.0.v20180420-1519.jar;C:\Users\lenovo\eclipse\java-2021-12\eclipse\configuration\org.eclipse.osgi\223\0\.cp;C:\Users\lenovo\eclipse\java-2021-12\eclipse\configuration\org.eclipse.osgi\221\0\.cp
Launcher Type: SUN_STANDARD

[Global flags]
     intx CICompilerCount                          = 3                                         {product} {ergonomic}
     uint ConcGCThreads                            = 1                                         {product} {ergonomic}
     uint G1ConcRefinementThreads                  = 4                                         {product} {ergonomic}
   size_t G1HeapRegionSize                         = 1048576                                   {product} {ergonomic}
    uintx GCDrainStackTargetSize                   = 64                                        {product} {ergonomic}
   size_t InitialHeapSize                          = 60817408                                  {product} {ergonomic}
   size_t MarkStackSize                            = 4194304                                   {product} {ergonomic}
   size_t MaxHeapSize                              = 945815552                                 {product} {ergonomic}
   size_t MinHeapDeltaBytes                        = 1048576                                   {product} {ergonomic}
   size_t MinHeapSize                              = 8388608                                   {product} {ergonomic}
    uintx NonNMethodCodeHeapSize                   = 5832780                                {pd product} {ergonomic}
    uintx NonProfiledCodeHeapSize                  = 122912730                              {pd product} {ergonomic}
    uintx ProfiledCodeHeapSize                     = 122912730                              {pd product} {ergonomic}
    uintx ReservedCodeCacheSize                    = 251658240                              {pd product} {ergonomic}
     bool SegmentedCodeCache                       = true                                      {product} {ergonomic}
     bool ShowCodeDetailsInExceptionMessages       = true                                   {manageable} {command line}
   size_t SoftMaxHeapSize                          = 945815552                              {manageable} {ergonomic}
     bool UseCompressedClassPointers               = true                           {product lp64_product} {ergonomic}
     bool UseCompressedOops                        = true                           {product lp64_product} {ergonomic}
     bool UseG1GC                                  = true                                      {product} {ergonomic}
     bool UseLargePagesIndividualAllocation        = false                                  {pd product} {ergonomic}

Logging:
Log output configuration:
 #0: stdout all=warning uptime,level,tags
 #1: stderr all=off uptime,level,tags

Environment Variables:
PATH=C:/Program Files/Java/jdk-17.0.2/bin/server;C:/Program Files/Java/jdk-17.0.2/bin;C:/Users/lenovo/AppData/Local/Temp/eoiCA00.tmp//plugins/org.eclipse.justj.openjdk.hotspot.jre.minimal.stripped.win32.x86_64_17.0.1.v20211116-1657/jre/bin/server;C:/Users/lenovo/AppData/Local/Temp/eoiCA00.tmp//plugins/org.eclipse.justj.openjdk.hotspot.jre.minimal.stripped.win32.x86_64_17.0.1.v20211116-1657/jre/bin;C:\Program Files\Google\Chrome\Application;C:\Program Files\Common Files\Oracle\Java\javapath;C:\Windows\system32;C:\Windows;C:\Windows\System32\Wbem;C:\Windows\System32\WindowsPowerShell\v1.0\;C:\Windows\System32\OpenSSH\;C:\Program Files\php-7.4.22;C:\xampp\php;C:\Program Files\Git\cmd;C:\Program Files\nodejs\;C:\gradle-7.4\bin;C:\Users\lenovo\AppData\Local\Microsoft\WindowsApps;C:\Users\lenovo\AppData\Local\GitHubDesktop\bin;C:\Users\lenovo\AppData\Local\Programs\Microsoft VS Code\bin;C:\Users\lenovo\AppData\Roaming\npm;C:\Program Files\JetBrains\IntelliJ IDEA Community Edition 2021.2.3\bin;;C:\Users\lenovo\Desktop;;C:\Users\lenovo\Desktop;
USERNAME=lenovo
OS=Windows_NT
PROCESSOR_IDENTIFIER=Intel64 Family 6 Model 142 Stepping 9, GenuineIntel



---------------  S Y S T E M  ---------------

OS:
 Windows 10 , 64 bit Build 19041 (10.0.19041.1503)
OS uptime: 0 days 0:45 hours

CPU: total 4 (initial active 4) (2 cores per cpu, 2 threads per core) family 6 model 142 stepping 9 microcode 0xb4, cx8, cmov, fxsr, ht, mmx, 3dnowpref, sse, sse2, sse3, ssse3, sse4.1, sse4.2, popcnt, lzcnt, tsc, tscinvbit, avx, avx2, aes, erms, clmul, bmi1, bmi2, adx, fma, vzeroupper, clflush, clflushopt

Memory: 4k page, system-wide physical 3600M (339M free)
TotalPageFile size 5489M (AvailPageFile size 21M)
current process WorkingSet (physical memory assigned to process): 10M, peak: 10M
current process commit charge ("private bytes"): 51M, peak: 109M

vm_info: Java HotSpot(TM) 64-Bit Server VM (17.0.2+8-LTS-86) for windows-amd64 JRE (17.0.2+8-LTS-86), built on Dec  7 2021 21:51:03 by "mach5one" with MS VC++ 16.8 / 16.9 (VS2019)

END.
